<?xml version="1.0" encoding="UTF-8"?>
<testsuite xmlns:xsi="http://www.w3.org/2001/XMLSchema-instance" xsi:noNamespaceSchemaLocation="https://maven.apache.org/surefire/maven-surefire-plugin/xsd/surefire-test-report-3.0.xsd" version="3.0" name="me.flamesense.AppTest" time="0.049" tests="1" errors="0" skipped="0" failures="0">
  <properties>
    <property name="java.specification.version" value="23"/>
    <property name="sun.jnu.encoding" value="UTF-8"/>
    <property name="java.class.path" value="/Users/bacemahmed/WOT_Project/code/flamesense/target/test-classes:/Users/bacemahmed/WOT_Project/code/flamesense/target/classes:/Users/bacemahmed/.m2/repository/org/junit/jupiter/junit-jupiter-api/5.11.0/junit-jupiter-api-5.11.0.jar:/Users/bacemahmed/.m2/repository/org/opentest4j/opentest4j/1.3.0/opentest4j-1.3.0.jar:/Users/bacemahmed/.m2/repository/org/junit/platform/junit-platform-commons/1.11.0/junit-platform-commons-1.11.0.jar:/Users/bacemahmed/.m2/repository/org/apiguardian/apiguardian-api/1.1.2/apiguardian-api-1.1.2.jar:/Users/bacemahmed/.m2/repository/org/junit/jupiter/junit-jupiter-params/5.11.0/junit-jupiter-params-5.11.0.jar:/Users/bacemahmed/.m2/repository/jakarta/platform/jakarta.jakartaee-api/10.0.0/jakarta.jakartaee-api-10.0.0.jar:/Users/bacemahmed/.m2/repository/jakarta/platform/jakarta.jakartaee-web-api/10.0.0/jakarta.jakartaee-web-api-10.0.0.jar:/Users/bacemahmed/.m2/repository/jakarta/servlet/jsp/jakarta.servlet.jsp-api/3.1.0/jakarta.servlet.jsp-api-3.1.0.jar:/Users/bacemahmed/.m2/repository/jakarta/servlet/jsp/jstl/jakarta.servlet.jsp.jstl-api/3.0.0/jakarta.servlet.jsp.jstl-api-3.0.0.jar:/Users/bacemahmed/.m2/repository/jakarta/faces/jakarta.faces-api/4.0.1/jakarta.faces-api-4.0.1.jar:/Users/bacemahmed/.m2/repository/jakarta/websocket/jakarta.websocket-api/2.1.0/jakarta.websocket-api-2.1.0.jar:/Users/bacemahmed/.m2/repository/jakarta/websocket/jakarta.websocket-client-api/2.1.0/jakarta.websocket-client-api-2.1.0.jar:/Users/bacemahmed/.m2/repository/jakarta/annotation/jakarta.annotation-api/2.1.1/jakarta.annotation-api-2.1.1.jar:/Users/bacemahmed/.m2/repository/jakarta/ejb/jakarta.ejb-api/4.0.1/jakarta.ejb-api-4.0.1.jar:/Users/bacemahmed/.m2/repository/jakarta/transaction/jakarta.transaction-api/2.0.1/jakarta.transaction-api-2.0.1.jar:/Users/bacemahmed/.m2/repository/jakarta/persistence/jakarta.persistence-api/3.1.0/jakarta.persistence-api-3.1.0.jar:/Users/bacemahmed/.m2/repository/jakarta/enterprise/jakarta.enterprise.lang-model/4.0.1/jakarta.enterprise.lang-model-4.0.1.jar:/Users/bacemahmed/.m2/repository/jakarta/authentication/jakarta.authentication-api/3.0.0/jakarta.authentication-api-3.0.0.jar:/Users/bacemahmed/.m2/repository/jakarta/security/enterprise/jakarta.security.enterprise-api/3.0.0/jakarta.security.enterprise-api-3.0.0.jar:/Users/bacemahmed/.m2/repository/jakarta/jms/jakarta.jms-api/3.1.0/jakarta.jms-api-3.1.0.jar:/Users/bacemahmed/.m2/repository/jakarta/activation/jakarta.activation-api/2.1.0/jakarta.activation-api-2.1.0.jar:/Users/bacemahmed/.m2/repository/jakarta/mail/jakarta.mail-api/2.1.0/jakarta.mail-api-2.1.0.jar:/Users/bacemahmed/.m2/repository/jakarta/resource/jakarta.resource-api/2.1.0/jakarta.resource-api-2.1.0.jar:/Users/bacemahmed/.m2/repository/jakarta/authorization/jakarta.authorization-api/2.1.0/jakarta.authorization-api-2.1.0.jar:/Users/bacemahmed/.m2/repository/jakarta/batch/jakarta.batch-api/2.1.1/jakarta.batch-api-2.1.1.jar:/Users/bacemahmed/.m2/repository/jakarta/enterprise/jakarta.enterprise.cdi-api/3.0.0/jakarta.enterprise.cdi-api-3.0.0.jar:/Users/bacemahmed/.m2/repository/jakarta/el/jakarta.el-api/4.0.0/jakarta.el-api-4.0.0.jar:/Users/bacemahmed/.m2/repository/jakarta/interceptor/jakarta.interceptor-api/2.0.0/jakarta.interceptor-api-2.0.0.jar:/Users/bacemahmed/.m2/repository/jakarta/inject/jakarta.inject-api/2.0.0/jakarta.inject-api-2.0.0.jar:/Users/bacemahmed/.m2/repository/jakarta/mvc/jakarta.mvc-api/2.0.0/jakarta.mvc-api-2.0.0.jar:/Users/bacemahmed/.m2/repository/jakarta/ws/rs/jakarta.ws.rs-api/3.0.0/jakarta.ws.rs-api-3.0.0.jar:/Users/bacemahmed/.m2/repository/jakarta/servlet/jakarta.servlet-api/5.0.0/jakarta.servlet-api-5.0.0.jar:/Users/bacemahmed/.m2/repository/jakarta/validation/jakarta.validation-api/3.0.2/jakarta.validation-api-3.0.2.jar:/Users/bacemahmed/.m2/repository/org/eclipse/microprofile/config/microprofile-config-api/3.0.3/microprofile-config-api-3.0.3.jar:/Users/bacemahmed/.m2/repository/jakarta/json/bind/jakarta.json.bind-api/3.0.0/jakarta.json.bind-api-3.0.0.jar:/Users/bacemahmed/.m2/repository/jakarta/json/jakarta.json-api/2.1.0/jakarta.json-api-2.1.0.jar:/Users/bacemahmed/.m2/repository/org/eclipse/jnosql/databases/jnosql-mongodb/1.0.3/jnosql-mongodb-1.0.3.jar:/Users/bacemahmed/.m2/repository/org/eclipse/jnosql/communication/jnosql-communication-document/1.0.3/jnosql-communication-document-1.0.3.jar:/Users/bacemahmed/.m2/repository/org/eclipse/jnosql/communication/jnosql-communication-core/1.0.3/jnosql-communication-core-1.0.3.jar:/Users/bacemahmed/.m2/repository/org/eclipse/jnosql/communication/jnosql-communication-query/1.0.3/jnosql-communication-query-1.0.3.jar:/Users/bacemahmed/.m2/repository/org/antlr/antlr4-runtime/4.12.0/antlr4-runtime-4.12.0.jar:/Users/bacemahmed/.m2/repository/org/eclipse/jnosql/mapping/jnosql-mapping-document/1.0.3/jnosql-mapping-document-1.0.3.jar:/Users/bacemahmed/.m2/repository/org/eclipse/jnosql/mapping/jnosql-mapping-core/1.0.3/jnosql-mapping-core-1.0.3.jar:/Users/bacemahmed/.m2/repository/org/eclipse/jnosql/mapping/jnosql-mapping-api-core/1.0.3/jnosql-mapping-api-core-1.0.3.jar:/Users/bacemahmed/.m2/repository/org/eclipse/jnosql/mapping/jnosql-mapping-reflection/1.0.3/jnosql-mapping-reflection-1.0.3.jar:/Users/bacemahmed/.m2/repository/io/github/classgraph/classgraph/4.8.165/classgraph-4.8.165.jar:/Users/bacemahmed/.m2/repository/jakarta/nosql/nosql-document/1.0.0-b7/nosql-document-1.0.0-b7.jar:/Users/bacemahmed/.m2/repository/org/eclipse/jnosql/databases/jnosql-database-commons/1.0.3/jnosql-database-commons-1.0.3.jar:/Users/bacemahmed/.m2/repository/org/mongodb/mongodb-driver-sync/4.11.1/mongodb-driver-sync-4.11.1.jar:/Users/bacemahmed/.m2/repository/org/mongodb/bson/4.11.1/bson-4.11.1.jar:/Users/bacemahmed/.m2/repository/org/mongodb/mongodb-driver-core/4.11.1/mongodb-driver-core-4.11.1.jar:/Users/bacemahmed/.m2/repository/org/mongodb/bson-record-codec/4.11.1/bson-record-codec-4.11.1.jar:/Users/bacemahmed/.m2/repository/jakarta/nosql/nosql-core/1.0.0-b7/nosql-core-1.0.0-b7.jar:/Users/bacemahmed/.m2/repository/jakarta/data/jakarta-data-api/1.0.0-b3/jakarta-data-api-1.0.0-b3.jar:/Users/bacemahmed/.m2/repository/de/mkammerer/argon2-jvm/2.11/argon2-jvm-2.11.jar:/Users/bacemahmed/.m2/repository/de/mkammerer/argon2-jvm-nolibs/2.11/argon2-jvm-nolibs-2.11.jar:/Users/bacemahmed/.m2/repository/net/java/dev/jna/jna/5.8.0/jna-5.8.0.jar:/Users/bacemahmed/.m2/repository/com/auth0/java-jwt/4.3.0/java-jwt-4.3.0.jar:/Users/bacemahmed/.m2/repository/com/fasterxml/jackson/core/jackson-databind/2.13.4.2/jackson-databind-2.13.4.2.jar:/Users/bacemahmed/.m2/repository/com/fasterxml/jackson/core/jackson-annotations/2.13.4/jackson-annotations-2.13.4.jar:/Users/bacemahmed/.m2/repository/com/fasterxml/jackson/core/jackson-core/2.13.4/jackson-core-2.13.4.jar:/Users/bacemahmed/.m2/repository/com/nimbusds/nimbus-jose-jwt/9.37.2/nimbus-jose-jwt-9.37.2.jar:/Users/bacemahmed/.m2/repository/com/github/stephenc/jcip/jcip-annotations/1.0-1/jcip-annotations-1.0-1.jar:"/>
    <property name="java.vm.vendor" value="Azul Systems, Inc."/>
    <property name="sun.arch.data.model" value="64"/>
    <property name="java.vendor.url" value="http://www.azul.com/"/>
    <property name="os.name" value="Mac OS X"/>
    <property name="java.vm.specification.version" value="23"/>
    <property name="sun.java.launcher" value="SUN_STANDARD"/>
    <property name="user.country" value="TN"/>
    <property name="sun.boot.library.path" value="/Library/Java/JavaVirtualMachines/zulu-23.jdk/Contents/Home/lib"/>
    <property name="sun.java.command" value="/Users/bacemahmed/WOT_Project/code/flamesense/target/surefire/surefirebooter-20241128184554060_3.jar /Users/bacemahmed/WOT_Project/code/flamesense/target/surefire 2024-11-28T18-45-53_912-jvmRun1 surefire-20241128184554060_1tmp surefire_0-20241128184554060_2tmp"/>
    <property name="http.nonProxyHosts" value="local|*.local|169.254/16|*.169.254/16"/>
    <property name="jdk.debug" value="release"/>
    <property name="surefire.test.class.path" value="/Users/bacemahmed/WOT_Project/code/flamesense/target/test-classes:/Users/bacemahmed/WOT_Project/code/flamesense/target/classes:/Users/bacemahmed/.m2/repository/org/junit/jupiter/junit-jupiter-api/5.11.0/junit-jupiter-api-5.11.0.jar:/Users/bacemahmed/.m2/repository/org/opentest4j/opentest4j/1.3.0/opentest4j-1.3.0.jar:/Users/bacemahmed/.m2/repository/org/junit/platform/junit-platform-commons/1.11.0/junit-platform-commons-1.11.0.jar:/Users/bacemahmed/.m2/repository/org/apiguardian/apiguardian-api/1.1.2/apiguardian-api-1.1.2.jar:/Users/bacemahmed/.m2/repository/org/junit/jupiter/junit-jupiter-params/5.11.0/junit-jupiter-params-5.11.0.jar:/Users/bacemahmed/.m2/repository/jakarta/platform/jakarta.jakartaee-api/10.0.0/jakarta.jakartaee-api-10.0.0.jar:/Users/bacemahmed/.m2/repository/jakarta/platform/jakarta.jakartaee-web-api/10.0.0/jakarta.jakartaee-web-api-10.0.0.jar:/Users/bacemahmed/.m2/repository/jakarta/servlet/jsp/jakarta.servlet.jsp-api/3.1.0/jakarta.servlet.jsp-api-3.1.0.jar:/Users/bacemahmed/.m2/repository/jakarta/servlet/jsp/jstl/jakarta.servlet.jsp.jstl-api/3.0.0/jakarta.servlet.jsp.jstl-api-3.0.0.jar:/Users/bacemahmed/.m2/repository/jakarta/faces/jakarta.faces-api/4.0.1/jakarta.faces-api-4.0.1.jar:/Users/bacemahmed/.m2/repository/jakarta/websocket/jakarta.websocket-api/2.1.0/jakarta.websocket-api-2.1.0.jar:/Users/bacemahmed/.m2/repository/jakarta/websocket/jakarta.websocket-client-api/2.1.0/jakarta.websocket-client-api-2.1.0.jar:/Users/bacemahmed/.m2/repository/jakarta/annotation/jakarta.annotation-api/2.1.1/jakarta.annotation-api-2.1.1.jar:/Users/bacemahmed/.m2/repository/jakarta/ejb/jakarta.ejb-api/4.0.1/jakarta.ejb-api-4.0.1.jar:/Users/bacemahmed/.m2/repository/jakarta/transaction/jakarta.transaction-api/2.0.1/jakarta.transaction-api-2.0.1.jar:/Users/bacemahmed/.m2/repository/jakarta/persistence/jakarta.persistence-api/3.1.0/jakarta.persistence-api-3.1.0.jar:/Users/bacemahmed/.m2/repository/jakarta/enterprise/jakarta.enterprise.lang-model/4.0.1/jakarta.enterprise.lang-model-4.0.1.jar:/Users/bacemahmed/.m2/repository/jakarta/authentication/jakarta.authentication-api/3.0.0/jakarta.authentication-api-3.0.0.jar:/Users/bacemahmed/.m2/repository/jakarta/security/enterprise/jakarta.security.enterprise-api/3.0.0/jakarta.security.enterprise-api-3.0.0.jar:/Users/bacemahmed/.m2/repository/jakarta/jms/jakarta.jms-api/3.1.0/jakarta.jms-api-3.1.0.jar:/Users/bacemahmed/.m2/repository/jakarta/activation/jakarta.activation-api/2.1.0/jakarta.activation-api-2.1.0.jar:/Users/bacemahmed/.m2/repository/jakarta/mail/jakarta.mail-api/2.1.0/jakarta.mail-api-2.1.0.jar:/Users/bacemahmed/.m2/repository/jakarta/resource/jakarta.resource-api/2.1.0/jakarta.resource-api-2.1.0.jar:/Users/bacemahmed/.m2/repository/jakarta/authorization/jakarta.authorization-api/2.1.0/jakarta.authorization-api-2.1.0.jar:/Users/bacemahmed/.m2/repository/jakarta/batch/jakarta.batch-api/2.1.1/jakarta.batch-api-2.1.1.jar:/Users/bacemahmed/.m2/repository/jakarta/enterprise/jakarta.enterprise.cdi-api/3.0.0/jakarta.enterprise.cdi-api-3.0.0.jar:/Users/bacemahmed/.m2/repository/jakarta/el/jakarta.el-api/4.0.0/jakarta.el-api-4.0.0.jar:/Users/bacemahmed/.m2/repository/jakarta/interceptor/jakarta.interceptor-api/2.0.0/jakarta.interceptor-api-2.0.0.jar:/Users/bacemahmed/.m2/repository/jakarta/inject/jakarta.inject-api/2.0.0/jakarta.inject-api-2.0.0.jar:/Users/bacemahmed/.m2/repository/jakarta/mvc/jakarta.mvc-api/2.0.0/jakarta.mvc-api-2.0.0.jar:/Users/bacemahmed/.m2/repository/jakarta/ws/rs/jakarta.ws.rs-api/3.0.0/jakarta.ws.rs-api-3.0.0.jar:/Users/bacemahmed/.m2/repository/jakarta/servlet/jakarta.servlet-api/5.0.0/jakarta.servlet-api-5.0.0.jar:/Users/bacemahmed/.m2/repository/jakarta/validation/jakarta.validation-api/3.0.2/jakarta.validation-api-3.0.2.jar:/Users/bacemahmed/.m2/repository/org/eclipse/microprofile/config/microprofile-config-api/3.0.3/microprofile-config-api-3.0.3.jar:/Users/bacemahmed/.m2/repository/jakarta/json/bind/jakarta.json.bind-api/3.0.0/jakarta.json.bind-api-3.0.0.jar:/Users/bacemahmed/.m2/repository/jakarta/json/jakarta.json-api/2.1.0/jakarta.json-api-2.1.0.jar:/Users/bacemahmed/.m2/repository/org/eclipse/jnosql/databases/jnosql-mongodb/1.0.3/jnosql-mongodb-1.0.3.jar:/Users/bacemahmed/.m2/repository/org/eclipse/jnosql/communication/jnosql-communication-document/1.0.3/jnosql-communication-document-1.0.3.jar:/Users/bacemahmed/.m2/repository/org/eclipse/jnosql/communication/jnosql-communication-core/1.0.3/jnosql-communication-core-1.0.3.jar:/Users/bacemahmed/.m2/repository/org/eclipse/jnosql/communication/jnosql-communication-query/1.0.3/jnosql-communication-query-1.0.3.jar:/Users/bacemahmed/.m2/repository/org/antlr/antlr4-runtime/4.12.0/antlr4-runtime-4.12.0.jar:/Users/bacemahmed/.m2/repository/org/eclipse/jnosql/mapping/jnosql-mapping-document/1.0.3/jnosql-mapping-document-1.0.3.jar:/Users/bacemahmed/.m2/repository/org/eclipse/jnosql/mapping/jnosql-mapping-core/1.0.3/jnosql-mapping-core-1.0.3.jar:/Users/bacemahmed/.m2/repository/org/eclipse/jnosql/mapping/jnosql-mapping-api-core/1.0.3/jnosql-mapping-api-core-1.0.3.jar:/Users/bacemahmed/.m2/repository/org/eclipse/jnosql/mapping/jnosql-mapping-reflection/1.0.3/jnosql-mapping-reflection-1.0.3.jar:/Users/bacemahmed/.m2/repository/io/github/classgraph/classgraph/4.8.165/classgraph-4.8.165.jar:/Users/bacemahmed/.m2/repository/jakarta/nosql/nosql-document/1.0.0-b7/nosql-document-1.0.0-b7.jar:/Users/bacemahmed/.m2/repository/org/eclipse/jnosql/databases/jnosql-database-commons/1.0.3/jnosql-database-commons-1.0.3.jar:/Users/bacemahmed/.m2/repository/org/mongodb/mongodb-driver-sync/4.11.1/mongodb-driver-sync-4.11.1.jar:/Users/bacemahmed/.m2/repository/org/mongodb/bson/4.11.1/bson-4.11.1.jar:/Users/bacemahmed/.m2/repository/org/mongodb/mongodb-driver-core/4.11.1/mongodb-driver-core-4.11.1.jar:/Users/bacemahmed/.m2/repository/org/mongodb/bson-record-codec/4.11.1/bson-record-codec-4.11.1.jar:/Users/bacemahmed/.m2/repository/jakarta/nosql/nosql-core/1.0.0-b7/nosql-core-1.0.0-b7.jar:/Users/bacemahmed/.m2/repository/jakarta/data/jakarta-data-api/1.0.0-b3/jakarta-data-api-1.0.0-b3.jar:/Users/bacemahmed/.m2/repository/de/mkammerer/argon2-jvm/2.11/argon2-jvm-2.11.jar:/Users/bacemahmed/.m2/repository/de/mkammerer/argon2-jvm-nolibs/2.11/argon2-jvm-nolibs-2.11.jar:/Users/bacemahmed/.m2/repository/net/java/dev/jna/jna/5.8.0/jna-5.8.0.jar:/Users/bacemahmed/.m2/repository/com/auth0/java-jwt/4.3.0/java-jwt-4.3.0.jar:/Users/bacemahmed/.m2/repository/com/fasterxml/jackson/core/jackson-databind/2.13.4.2/jackson-databind-2.13.4.2.jar:/Users/bacemahmed/.m2/repository/com/fasterxml/jackson/core/jackson-annotations/2.13.4/jackson-annotations-2.13.4.jar:/Users/bacemahmed/.m2/repository/com/fasterxml/jackson/core/jackson-core/2.13.4/jackson-core-2.13.4.jar:/Users/bacemahmed/.m2/repository/com/nimbusds/nimbus-jose-jwt/9.37.2/nimbus-jose-jwt-9.37.2.jar:/Users/bacemahmed/.m2/repository/com/github/stephenc/jcip/jcip-annotations/1.0-1/jcip-annotations-1.0-1.jar:"/>
    <property name="sun.cpu.endian" value="little"/>
    <property name="user.home" value="/Users/bacemahmed"/>
    <property name="user.language" value="en"/>
    <property name="java.specification.vendor" value="Oracle Corporation"/>
    <property name="java.version.date" value="2024-10-15"/>
    <property name="java.home" value="/Library/Java/JavaVirtualMachines/zulu-23.jdk/Contents/Home"/>
    <property name="file.separator" value="/"/>
    <property name="basedir" value="/Users/bacemahmed/WOT_Project/code/flamesense"/>
    <property name="java.vm.compressedOopsMode" value="Zero based"/>
    <property name="line.separator" value="&#10;"/>
    <property name="java.vm.specification.vendor" value="Oracle Corporation"/>
    <property name="java.specification.name" value="Java Platform API Specification"/>
    <property name="apple.awt.application.name" value="ForkedBooter"/>
    <property name="surefire.real.class.path" value="/Users/bacemahmed/WOT_Project/code/flamesense/target/surefire/surefirebooter-20241128184554060_3.jar"/>
    <property name="sun.management.compiler" value="HotSpot 64-Bit Tiered Compilers"/>
    <property name="ftp.nonProxyHosts" value="local|*.local|169.254/16|*.169.254/16"/>
    <property name="java.runtime.version" value="23.0.1+11"/>
    <property name="user.name" value="bacemahmed"/>
    <property name="stdout.encoding" value="UTF-8"/>
    <property name="path.separator" value=":"/>
    <property name="os.version" value="13.6.9"/>
    <property name="java.runtime.name" value="OpenJDK Runtime Environment"/>
    <property name="file.encoding" value="UTF-8"/>
    <property name="java.vm.name" value="OpenJDK 64-Bit Server VM"/>
    <property name="java.vendor.version" value="Zulu23.30+13-CA"/>
    <property name="localRepository" value="/Users/bacemahmed/.m2/repository"/>
    <property name="java.vendor.url.bug" value="http://www.azul.com/support/"/>
    <property name="java.io.tmpdir" value="/var/folders/ns/x7qxdsm57rl5sw7yrqc9x59h0000gn/T/"/>
    <property name="java.version" value="23.0.1"/>
    <property name="user.dir" value="/Users/bacemahmed/WOT_Project/code/flamesense"/>
    <property name="os.arch" value="x86_64"/>
    <property name="java.vm.specification.name" value="Java Virtual Machine Specification"/>
    <property name="native.encoding" value="UTF-8"/>
    <property name="java.library.path" value="/Users/bacemahmed/Library/Java/Extensions:/Library/Java/Extensions:/Network/Library/Java/Extensions:/System/Library/Java/Extensions:/usr/lib/java:."/>
    <property name="java.vm.info" value="mixed mode, sharing"/>
    <property name="stderr.encoding" value="UTF-8"/>
    <property name="java.vendor" value="Azul Systems, Inc."/>
    <property name="java.vm.version" value="23.0.1+11"/>
    <property name="sun.io.unicode.encoding" value="UnicodeBig"/>
    <property name="socksNonProxyHosts" value="local|*.local|169.254/16|*.169.254/16"/>
    <property name="java.class.version" value="67.0"/>
  </properties>
  <testcase name="shouldAnswerWithTrue" classname="me.flamesense.AppTest" time="0.021"/>
</testsuite>